<?xml version="1.0" encoding="UTF-8"?>
<!-- Generated by org.testng.reporters.JUnitReportReporter -->
<testsuite hostname="Neo" failures="0" tests="8" name="api.general_practice_not_part_of_framework.HTTPRequests" time="6.837" errors="0" timestamp="2025-07-17T15:33:39 IST" skipped="0">
  <testcase classname="api.general_practice_not_part_of_framework.HTTPRequests" name="getUser" time="2.187"/>
  <testcase classname="api.general_practice_not_part_of_framework.HTTPRequests" name="createUser" time="0.832"/>
  <testcase classname="api.general_practice_not_part_of_framework.HTTPRequests" name="updateUser" time="0.751"/>
  <testcase classname="api.general_practice_not_part_of_framework.HTTPRequests" name="deleteUser" time="0.754"/>
  <testcase classname="api.general_practice_not_part_of_framework.HTTPRequests" name="queryParamTest" time="0.346"/>
  <testcase classname="api.general_practice_not_part_of_framework.HTTPRequests" name="pathParameterTest" time="0.262"/>
  <testcase classname="api.general_practice_not_part_of_framework.HTTPRequests" name="get_cookieInfo" time="1.392"/>
  <testcase classname="api.general_practice_not_part_of_framework.HTTPRequests" name="JsonResponseValidation" time="0.313"/>
</testsuite> <!-- api.general_practice_not_part_of_framework.HTTPRequests -->
