<?xml version="1.0" encoding="UTF-8"?>
<!-- Generated by org.testng.reporters.JUnitReportReporter -->
<testsuite hostname="Neo" failures="0" tests="1" name="api.general_practice_not_part_of_framework.Schema_Validation" time="2.401" errors="0" timestamp="2025-07-17T16:55:09 IST" skipped="0">
  <testcase classname="api.general_practice_not_part_of_framework.Schema_Validation" name="validate_schema" time="2.401"/>
</testsuite> <!-- api.general_practice_not_part_of_framework.Schema_Validation -->
