<?xml version="1.0" encoding="UTF-8"?>
<!-- Generated by org.testng.reporters.JUnitReportReporter -->
<testsuite hostname="Neo" failures="0" tests="5" name="api.general_practice_not_part_of_framework.requestBodyCreationTypes" time="3.852" errors="0" timestamp="2025-07-17T12:33:17 IST" skipped="0">
  <testcase classname="api.general_practice_not_part_of_framework.requestBodyCreationTypes" name="requestAsHashMap" time="1.858"/>
  <testcase classname="api.general_practice_not_part_of_framework.requestBodyCreationTypes" name="requestUsingJSON" time="0.492"/>
  <testcase classname="api.general_practice_not_part_of_framework.requestBodyCreationTypes" name="requestUsingPOJO" time="0.505"/>
  <testcase classname="api.general_practice_not_part_of_framework.requestBodyCreationTypes" name="usingExternalFile" time="0.462"/>
  <testcase classname="api.general_practice_not_part_of_framework.requestBodyCreationTypes" name="usingOrgJSONLibrary" time="0.535"/>
</testsuite> <!-- api.general_practice_not_part_of_framework.requestBodyCreationTypes -->
